Post Processor Report
OrCAD FILE: F:\ENGENHARIA\PROJETOS\ELETRONICA\DRONE\V5\CONTROLADOR-1.MAX
Tue Oct 04 10:37:22 2022

*********************************************************

Output file: F:\ENGENHARIA\PROJETOS\ELETRONICA\DRONE\V5\CONTROLADOR-1.TOP

Aperture totals for F:\ENGENHARIA\PROJETOS\ELETRONICA\DRONE\V5\CONTROLADOR-1.TOP:
---------------------------------------------------------
D10:  0.0600 SQUARE --       0 Draws,       8 Flashes
D11:  0.0580 ROUND  --       0 Draws,      34 Flashes
D12:  0.0580 SQUARE --       0 Draws,       3 Flashes
D13:  0.0620 ROUND  --       0 Draws,      23 Flashes
D14:  0.0620 SQUARE --       0 Draws,      10 Flashes
D15:  0.0450 ROUND  --       0 Draws,       2 Flashes
D16:  0.0780 ROUND  --       0 Draws,       3 Flashes
D17:  0.0780 SQUARE --       0 Draws,       1 Flashes
D18:  0.0640 x 0.0320 RECTANGLE -----      28 Flashes
D19:  0.0320 x 0.0640 RECTANGLE -----      10 Flashes
D20:  0.0500 ROUND  --       0 Draws,       1 Flashes
D21:  0.0197 ROUND  --     141 Draws,       0 Flashes
D22:  0.0500 ROUND  --       0 Draws,      25 Flashes
D23:  0.0118 ROUND  --       1 Draws,       0 Flashes
D24:  0.0140 ROUND  --       0 Draws,      28 Flashes
D25:  0.0140 ROUND  --       0 Draws,      76 Flashes
---------------------------------------------------------
 16 D-Codes      -----     142 Draws,     252 Flashes

*********************************************************

Output file: F:\ENGENHARIA\PROJETOS\ELETRONICA\DRONE\V5\CONTROLADOR-1.BOT

Aperture totals for F:\ENGENHARIA\PROJETOS\ELETRONICA\DRONE\V5\CONTROLADOR-1.BOT:
---------------------------------------------------------
D20:  0.0500 ROUND  --       0 Draws,       1 Flashes
D21:  0.0197 ROUND  --     240 Draws,       0 Flashes
D22:  0.0500 ROUND  --       0 Draws,      25 Flashes
D23:  0.0118 ROUND  --       3 Draws,       0 Flashes
D24:  0.0140 ROUND  --       0 Draws,      28 Flashes
D25:  0.0140 ROUND  --       0 Draws,      76 Flashes
D26:  0.0600 SQUARE --       0 Draws,       8 Flashes
D27:  0.0580 ROUND  --       0 Draws,      34 Flashes
D28:  0.0580 SQUARE --       0 Draws,       3 Flashes
D29:  0.0620 ROUND  --       0 Draws,      23 Flashes
D30:  0.0620 SQUARE --       0 Draws,      10 Flashes
D31:  0.0450 ROUND  --       0 Draws,       2 Flashes
D32:  0.0780 ROUND  --       0 Draws,       4 Flashes
D33:  0.1420 x 0.0880 RECTANGLE -----       1 Flashes
D34:  0.0480 x 0.0880 RECTANGLE -----       3 Flashes
---------------------------------------------------------
 15 D-Codes      -----     243 Draws,     218 Flashes

*********************************************************

Output file: F:\ENGENHARIA\PROJETOS\ELETRONICA\DRONE\V5\CONTROLADOR-1.GND

Aperture totals for F:\ENGENHARIA\PROJETOS\ELETRONICA\DRONE\V5\CONTROLADOR-1.GND:
---------------------------------------------------------
D24:  0.0140 ROUND  --       0 Draws,      28 Flashes
D25:  0.0140 ROUND  --       0 Draws,      76 Flashes
D32:  0.0780 ROUND  --       0 Draws,      34 Flashes
D35:  0.0780 SQUARE --       0 Draws,       3 Flashes
D36:  0.0820 ROUND  --       0 Draws,      23 Flashes
D37:  0.0820 SQUARE --       0 Draws,      10 Flashes
D38:  0.0650 ROUND  --       0 Draws,       2 Flashes
D39:  0.0840 ROUND  --       0 Draws,       4 Flashes
D40:  0.0020 ROUND  --       4 Draws,       0 Flashes
D41:  0.0750 ROUND  --       0 Draws,      26 Flashes
---------------------------------------------------------
 10 D-Codes      -----       4 Draws,     206 Flashes

*********************************************************

Output file: F:\ENGENHARIA\PROJETOS\ELETRONICA\DRONE\V5\CONTROLADOR-1.PWR

Aperture totals for F:\ENGENHARIA\PROJETOS\ELETRONICA\DRONE\V5\CONTROLADOR-1.PWR:
---------------------------------------------------------
D24:  0.0140 ROUND  --       0 Draws,      28 Flashes
D25:  0.0140 ROUND  --       0 Draws,      76 Flashes
D32:  0.0780 ROUND  --       0 Draws,      34 Flashes
D35:  0.0780 SQUARE --       0 Draws,       3 Flashes
D36:  0.0820 ROUND  --       0 Draws,      23 Flashes
D37:  0.0820 SQUARE --       0 Draws,      10 Flashes
D38:  0.0650 ROUND  --       0 Draws,       2 Flashes
D39:  0.0840 ROUND  --       0 Draws,       4 Flashes
D40:  0.0020 ROUND  --       4 Draws,       0 Flashes
D41:  0.0750 ROUND  --       0 Draws,      26 Flashes
---------------------------------------------------------
 10 D-Codes      -----       4 Draws,     206 Flashes


*********************************************************

Aperture totals for entire project:
---------------------------------------------------------
D10:  0.0600 SQUARE --       0 Draws,       8 Flashes
D11:  0.0580 ROUND  --       0 Draws,      34 Flashes
D12:  0.0580 SQUARE --       0 Draws,       3 Flashes
D13:  0.0620 ROUND  --       0 Draws,      23 Flashes
D14:  0.0620 SQUARE --       0 Draws,      10 Flashes
D15:  0.0450 ROUND  --       0 Draws,       2 Flashes
D16:  0.0780 ROUND  --       0 Draws,       3 Flashes
D17:  0.0780 SQUARE --       0 Draws,       1 Flashes
D18:  0.0640 x 0.0320 RECTANGLE -----      28 Flashes
D19:  0.0320 x 0.0640 RECTANGLE -----      10 Flashes
D20:  0.0500 ROUND  --       0 Draws,       2 Flashes
D21:  0.0197 ROUND  --     381 Draws,       0 Flashes
D22:  0.0500 ROUND  --       0 Draws,      50 Flashes
D23:  0.0118 ROUND  --       4 Draws,       0 Flashes
D24:  0.0140 ROUND  --       0 Draws,     112 Flashes
D25:  0.0140 ROUND  --       0 Draws,     304 Flashes
D26:  0.0600 SQUARE --       0 Draws,       8 Flashes
D27:  0.0580 ROUND  --       0 Draws,      34 Flashes
D28:  0.0580 SQUARE --       0 Draws,       3 Flashes
D29:  0.0620 ROUND  --       0 Draws,      23 Flashes
D30:  0.0620 SQUARE --       0 Draws,      10 Flashes
D31:  0.0450 ROUND  --       0 Draws,       2 Flashes
D32:  0.0780 ROUND  --       0 Draws,      72 Flashes
D33:  0.1420 x 0.0880 RECTANGLE -----       1 Flashes
D34:  0.0480 x 0.0880 RECTANGLE -----       3 Flashes
D35:  0.0780 SQUARE --       0 Draws,       6 Flashes
D36:  0.0820 ROUND  --       0 Draws,      46 Flashes
D37:  0.0820 SQUARE --       0 Draws,      20 Flashes
D38:  0.0650 ROUND  --       0 Draws,       4 Flashes
D39:  0.0840 ROUND  --       0 Draws,       8 Flashes
D40:  0.0020 ROUND  --       8 Draws,       0 Flashes
D41:  0.0750 ROUND  --       0 Draws,      52 Flashes
---------------------------------------------------------
 32 D-Codes      -----     393 Draws,     882 Flashes


No warnings or errors.
